[debug] [2026-01-29T17:19:05.613Z] ----------------------------------------------------------------------
[debug] [2026-01-29T17:19:05.615Z] Command:       C:\Program Files\nodejs\node.exe C:\Program Files\nodejs\node_modules\firebase-tools\lib\bin\firebase.js init functions
[debug] [2026-01-29T17:19:05.616Z] CLI Version:   15.4.0
[debug] [2026-01-29T17:19:05.616Z] Platform:      win32
[debug] [2026-01-29T17:19:05.616Z] Node Version:  v23.5.0
[debug] [2026-01-29T17:19:05.616Z] Time:          Thu Jan 29 2026 18:19:05 GMT+0100 (hora estándar de Europa central)
[debug] [2026-01-29T17:19:05.616Z] ----------------------------------------------------------------------
[debug] 
[info] 
     ######## #### ########  ######## ########     ###     ######  ########
     ##        ##  ##     ## ##       ##     ##  ##   ##  ##       ##
     ######    ##  ########  ######   ########  #########  ######  ######
     ##        ##  ##    ##  ##       ##     ## ##     ##       ## ##
     ##       #### ##     ## ######## ########  ##     ##  ######  ########

You're about to initialize a Firebase project in this directory:

  C:\Users\David-PC\Documents\Code\Supermarket Scraping\scripts

[info] 
=== Project Setup
[info] 
[info] First, let's associate this project directory with a Firebase project.
[info] You can create multiple project aliases by running firebase use --add, 
[info] 
[debug] [2026-01-29T17:19:57.884Z] ExitPromptError: User force closed the prompt with SIGINT
    at Interface.sigint (C:\Users\David-PC\AppData\Roaming\nvm\v23.5.0\node_modules\firebase-tools\node_modules\@inquirer\core\dist\commonjs\lib\create-prompt.js:101:37)
    at Interface.emit (node:events:513:28)
    at [_ttyWrite] [as _ttyWrite] (node:internal/readline/interface:1125:18)
    at ReadStream.onkeypress (node:internal/readline/interface:264:20)
    at ReadStream.emit (node:events:525:35)
    at emitKeys (node:internal/readline/utils:370:14)
    at emitKeys.next (<anonymous>)
    at ReadStream.onData (node:internal/readline/emitKeypressEvents:64:36)
    at ReadStream.emit (node:events:513:28)
    at addChunk (node:internal/streams/readable:559:12)
[error] 
[error] Error: An unexpected error has occurred.
